F                                                                        [100%]
=================================== FAILURES ===================================
___________________________ test_packages_importable ___________________________

    def test_packages_importable():
>       __import__("backend")
E       ModuleNotFoundError: No module named 'backend'

tests/smoke/test_imports.py:2: ModuleNotFoundError
=========================== short test summary info ============================
FAILED tests/smoke/test_imports.py::test_packages_importable - ModuleNotFound...
1 failed in 0.03s
